2024-11-18 15:56:04 [main] INFO  c.n.e.EmployeeCvApplicationTests - Starting EmployeeCvApplicationTests using Java 22.0.1 with PID 28760 (started by MOI in C:\Users\MOI\SOPEHAK\web\employee_cv)
2024-11-18 15:56:04 [main] INFO  c.n.e.EmployeeCvApplicationTests - No active profile set, falling back to 1 default profile: "default"
2024-11-18 15:56:05 [main] INFO  o.s.d.r.c.RepositoryConfigurationDelegate - Bootstrapping Spring Data JPA repositories in DEFAULT mode.
2024-11-18 15:56:05 [main] INFO  o.s.d.r.c.RepositoryConfigurationDelegate - Finished Spring Data repository scanning in 84 ms. Found 31 JPA repository interfaces.
2024-11-18 15:56:05 [main] INFO  o.h.jpa.internal.util.LogHelper - HHH000204: Processing PersistenceUnitInfo [name: default]
2024-11-18 15:56:05 [main] INFO  org.hibernate.Version - HHH000412: Hibernate ORM core version 6.4.4.Final
2024-11-18 15:56:05 [main] INFO  o.h.c.i.RegionFactoryInitiator - HHH000026: Second-level cache disabled
2024-11-18 15:56:06 [main] INFO  o.s.o.j.p.SpringPersistenceUnitInfo - No LoadTimeWeaver setup: ignoring JPA class transformer
2024-11-18 15:56:06 [main] INFO  com.zaxxer.hikari.HikariDataSource - HikariPool-1 - Starting...
2024-11-18 15:56:06 [main] INFO  com.zaxxer.hikari.pool.HikariPool - HikariPool-1 - Added connection org.postgresql.jdbc.PgConnection@a6fc1bc
2024-11-18 15:56:06 [main] INFO  com.zaxxer.hikari.HikariDataSource - HikariPool-1 - Start completed.
2024-11-18 15:56:07 [main] INFO  o.h.e.t.j.p.i.JtaPlatformInitiator - HHH000489: No JTA platform available (set 'hibernate.transaction.jta.platform' to enable JTA platform integration)
2024-11-18 15:56:07 [main] INFO  o.hibernate.orm.connections.access - HHH10001501: Connection obtained from JdbcConnectionAccess [org.hibernate.engine.jdbc.env.internal.JdbcEnvironmentInitiator$ConnectionProviderJdbcConnectionAccess@2582e213] for (non-JTA) DDL execution was not in auto-commit mode; the Connection 'local transaction' will be committed and the Connection will be set into auto-commit mode.
2024-11-18 15:56:07 [main] INFO  o.s.o.j.LocalContainerEntityManagerFactoryBean - Initialized JPA EntityManagerFactory for persistence unit 'default'
2024-11-18 15:56:07 [main] INFO  o.s.d.j.r.query.QueryEnhancerFactory - Hibernate is in classpath; If applicable, HQL parser will be used.
2024-11-18 15:56:08 [main] WARN  o.s.b.a.o.j.JpaBaseConfiguration$JpaWebConfiguration - spring.jpa.open-in-view is enabled by default. Therefore, database queries may be performed during view rendering. Explicitly configure spring.jpa.open-in-view to disable this warning
2024-11-18 15:56:09 [main] INFO  o.s.b.a.e.web.EndpointLinksResolver - Exposing 1 endpoint(s) beneath base path '/actuator'
2024-11-18 15:56:09 [main] INFO  o.s.s.web.DefaultSecurityFilterChain - Will secure any request with [org.springframework.security.web.session.DisableEncodeUrlFilter@2cff7902, org.springframework.security.web.context.request.async.WebAsyncManagerIntegrationFilter@3096c963, org.springframework.security.web.context.SecurityContextHolderFilter@334ae975, org.springframework.security.web.header.HeaderWriterFilter@26f316e5, org.springframework.web.filter.CorsFilter@6bd22879, org.springframework.security.web.authentication.logout.LogoutFilter@3b5dd166, com.noc.employee_cv.security.JwtFilter@31823f0d, org.springframework.security.web.savedrequest.RequestCacheAwareFilter@5e41a4e7, org.springframework.security.web.servletapi.SecurityContextHolderAwareRequestFilter@19db46c3, org.springframework.security.web.authentication.AnonymousAuthenticationFilter@309403db, org.springframework.security.web.session.SessionManagementFilter@5a65140d, org.springframework.security.web.access.ExceptionTranslationFilter@458bf662, org.springframework.security.web.access.intercept.AuthorizationFilter@61c00e9]
2024-11-18 15:56:09 [main] INFO  c.n.e.EmployeeCvApplicationTests - Started EmployeeCvApplicationTests in 5.119 seconds (process running for 5.618)
2024-11-18 15:56:09 [SpringApplicationShutdownHook] INFO  o.s.o.j.LocalContainerEntityManagerFactoryBean - Closing JPA EntityManagerFactory for persistence unit 'default'
2024-11-18 15:56:09 [SpringApplicationShutdownHook] INFO  com.zaxxer.hikari.HikariDataSource - HikariPool-1 - Shutdown initiated...
2024-11-18 15:56:09 [SpringApplicationShutdownHook] INFO  com.zaxxer.hikari.HikariDataSource - HikariPool-1 - Shutdown completed.
