2024-11-12 14:09:57 [main] INFO  c.n.e.EmployeeCvApplication - Starting EmployeeCvApplication using Java 22.0.1 with PID 34120 (C:\Users\MOI\SOPEHAK\web\employee_cv\target\classes started by MOI in C:\Users\MOI\SOPEHAK\web\employee_cv)
2024-11-12 14:09:57 [main] INFO  c.n.e.EmployeeCvApplication - No active profile set, falling back to 1 default profile: "default"
2024-11-12 14:09:58 [main] INFO  o.s.d.r.c.RepositoryConfigurationDelegate - Bootstrapping Spring Data JPA repositories in DEFAULT mode.
2024-11-12 14:09:58 [main] INFO  o.s.d.r.c.RepositoryConfigurationDelegate - Finished Spring Data repository scanning in 66 ms. Found 31 JPA repository interfaces.
2024-11-12 14:10:00 [main] INFO  o.s.b.w.e.tomcat.TomcatWebServer - Tomcat initialized with port 8080 (http)
2024-11-12 14:10:00 [main] INFO  o.a.coyote.http11.Http11NioProtocol - Initializing ProtocolHandler ["http-nio-8080"]
2024-11-12 14:10:00 [main] INFO  o.a.catalina.core.StandardService - Starting service [Tomcat]
2024-11-12 14:10:00 [main] INFO  o.a.catalina.core.StandardEngine - Starting Servlet engine: [Apache Tomcat/10.1.19]
2024-11-12 14:10:00 [main] INFO  o.a.c.c.C.[Tomcat].[localhost].[/] - Initializing Spring embedded WebApplicationContext
2024-11-12 14:10:00 [main] INFO  o.s.b.w.s.c.ServletWebServerApplicationContext - Root WebApplicationContext: initialization completed in 2705 ms
2024-11-12 14:10:00 [main] INFO  o.h.jpa.internal.util.LogHelper - HHH000204: Processing PersistenceUnitInfo [name: default]
2024-11-12 14:10:00 [main] INFO  org.hibernate.Version - HHH000412: Hibernate ORM core version 6.4.4.Final
2024-11-12 14:10:00 [main] INFO  o.h.c.i.RegionFactoryInitiator - HHH000026: Second-level cache disabled
2024-11-12 14:10:00 [main] INFO  o.s.o.j.p.SpringPersistenceUnitInfo - No LoadTimeWeaver setup: ignoring JPA class transformer
2024-11-12 14:10:00 [main] INFO  com.zaxxer.hikari.HikariDataSource - HikariPool-1 - Starting...
2024-11-12 14:10:00 [main] INFO  com.zaxxer.hikari.pool.HikariPool - HikariPool-1 - Added connection org.postgresql.jdbc.PgConnection@b68932b
2024-11-12 14:10:00 [main] INFO  com.zaxxer.hikari.HikariDataSource - HikariPool-1 - Start completed.
2024-11-12 14:10:01 [main] INFO  o.h.e.t.j.p.i.JtaPlatformInitiator - HHH000489: No JTA platform available (set 'hibernate.transaction.jta.platform' to enable JTA platform integration)
2024-11-12 14:10:01 [main] INFO  o.hibernate.orm.connections.access - HHH10001501: Connection obtained from JdbcConnectionAccess [org.hibernate.engine.jdbc.env.internal.JdbcEnvironmentInitiator$ConnectionProviderJdbcConnectionAccess@1f7653ae] for (non-JTA) DDL execution was not in auto-commit mode; the Connection 'local transaction' will be committed and the Connection will be set into auto-commit mode.
2024-11-12 14:10:02 [main] INFO  o.s.o.j.LocalContainerEntityManagerFactoryBean - Initialized JPA EntityManagerFactory for persistence unit 'default'
2024-11-12 14:10:02 [main] INFO  o.s.d.j.r.query.QueryEnhancerFactory - Hibernate is in classpath; If applicable, HQL parser will be used.
2024-11-12 14:10:05 [main] WARN  o.s.b.a.o.j.JpaBaseConfiguration$JpaWebConfiguration - spring.jpa.open-in-view is enabled by default. Therefore, database queries may be performed during view rendering. Explicitly configure spring.jpa.open-in-view to disable this warning
2024-11-12 14:10:05 [main] INFO  o.s.b.a.e.web.EndpointLinksResolver - Exposing 1 endpoint(s) beneath base path '/actuator'
2024-11-12 14:10:05 [main] INFO  o.s.s.web.DefaultSecurityFilterChain - Will secure any request with [org.springframework.security.web.session.DisableEncodeUrlFilter@6e12bc3d, org.springframework.security.web.context.request.async.WebAsyncManagerIntegrationFilter@32f4eb5c, org.springframework.security.web.context.SecurityContextHolderFilter@4abcf005, org.springframework.security.web.header.HeaderWriterFilter@18548b0a, org.springframework.web.filter.CorsFilter@61d6c3b7, org.springframework.security.web.authentication.logout.LogoutFilter@4d2a2d2c, com.noc.employee_cv.security.JwtFilter@7f6c983b, org.springframework.security.web.savedrequest.RequestCacheAwareFilter@1290cc94, org.springframework.security.web.servletapi.SecurityContextHolderAwareRequestFilter@3219b550, org.springframework.security.web.authentication.AnonymousAuthenticationFilter@2b64a74c, org.springframework.security.web.session.SessionManagementFilter@2f5a3f3b, org.springframework.security.web.access.ExceptionTranslationFilter@3f350e2b, org.springframework.security.web.access.intercept.AuthorizationFilter@46a6dfd4]
2024-11-12 14:10:06 [main] INFO  o.a.coyote.http11.Http11NioProtocol - Starting ProtocolHandler ["http-nio-8080"]
2024-11-12 14:10:06 [main] WARN  o.s.b.w.s.c.AnnotationConfigServletWebServerApplicationContext - Exception encountered during context initialization - cancelling refresh attempt: org.springframework.context.ApplicationContextException: Failed to start bean 'webServerStartStop'
2024-11-12 14:10:06 [main] INFO  o.s.o.j.LocalContainerEntityManagerFactoryBean - Closing JPA EntityManagerFactory for persistence unit 'default'
2024-11-12 14:10:06 [main] INFO  com.zaxxer.hikari.HikariDataSource - HikariPool-1 - Shutdown initiated...
2024-11-12 14:10:06 [main] INFO  com.zaxxer.hikari.HikariDataSource - HikariPool-1 - Shutdown completed.
2024-11-12 14:10:06 [main] INFO  o.s.b.a.l.ConditionEvaluationReportLogger - 

Error starting ApplicationContext. To display the condition evaluation report re-run your application with 'debug' enabled.
2024-11-12 14:10:06 [main] ERROR o.s.b.d.LoggingFailureAnalysisReporter - 

***************************
APPLICATION FAILED TO START
***************************

Description:

Web server failed to start. Port 8080 was already in use.

Action:

Identify and stop the process that's listening on port 8080 or configure this application to listen on another port.

2024-11-12 14:13:31 [main] INFO  c.n.e.EmployeeCvApplication - Starting EmployeeCvApplication using Java 22.0.1 with PID 20864 (C:\Users\MOI\SOPEHAK\web\employee_cv\target\classes started by MOI in C:\Users\MOI\SOPEHAK\web\employee_cv)
2024-11-12 14:13:31 [main] INFO  c.n.e.EmployeeCvApplication - No active profile set, falling back to 1 default profile: "default"
2024-11-12 14:13:31 [main] INFO  o.s.d.r.c.RepositoryConfigurationDelegate - Bootstrapping Spring Data JPA repositories in DEFAULT mode.
2024-11-12 14:13:31 [main] INFO  o.s.d.r.c.RepositoryConfigurationDelegate - Finished Spring Data repository scanning in 56 ms. Found 31 JPA repository interfaces.
2024-11-12 14:13:32 [main] INFO  o.s.b.w.e.tomcat.TomcatWebServer - Tomcat initialized with port 8080 (http)
2024-11-12 14:13:32 [main] INFO  o.a.coyote.http11.Http11NioProtocol - Initializing ProtocolHandler ["http-nio-8080"]
2024-11-12 14:13:32 [main] INFO  o.a.catalina.core.StandardService - Starting service [Tomcat]
2024-11-12 14:13:32 [main] INFO  o.a.catalina.core.StandardEngine - Starting Servlet engine: [Apache Tomcat/10.1.19]
2024-11-12 14:13:32 [main] INFO  o.a.c.c.C.[Tomcat].[localhost].[/] - Initializing Spring embedded WebApplicationContext
2024-11-12 14:13:32 [main] INFO  o.s.b.w.s.c.ServletWebServerApplicationContext - Root WebApplicationContext: initialization completed in 1001 ms
2024-11-12 14:13:32 [main] INFO  o.h.jpa.internal.util.LogHelper - HHH000204: Processing PersistenceUnitInfo [name: default]
2024-11-12 14:13:32 [main] INFO  org.hibernate.Version - HHH000412: Hibernate ORM core version 6.4.4.Final
2024-11-12 14:13:32 [main] INFO  o.h.c.i.RegionFactoryInitiator - HHH000026: Second-level cache disabled
2024-11-12 14:13:32 [main] INFO  o.s.o.j.p.SpringPersistenceUnitInfo - No LoadTimeWeaver setup: ignoring JPA class transformer
2024-11-12 14:13:32 [main] INFO  com.zaxxer.hikari.HikariDataSource - HikariPool-1 - Starting...
2024-11-12 14:13:32 [main] INFO  com.zaxxer.hikari.pool.HikariPool - HikariPool-1 - Added connection org.postgresql.jdbc.PgConnection@e2f6a45
2024-11-12 14:13:32 [main] INFO  com.zaxxer.hikari.HikariDataSource - HikariPool-1 - Start completed.
2024-11-12 14:13:33 [main] INFO  o.h.e.t.j.p.i.JtaPlatformInitiator - HHH000489: No JTA platform available (set 'hibernate.transaction.jta.platform' to enable JTA platform integration)
2024-11-12 14:13:33 [main] INFO  o.hibernate.orm.connections.access - HHH10001501: Connection obtained from JdbcConnectionAccess [org.hibernate.engine.jdbc.env.internal.JdbcEnvironmentInitiator$ConnectionProviderJdbcConnectionAccess@311819e8] for (non-JTA) DDL execution was not in auto-commit mode; the Connection 'local transaction' will be committed and the Connection will be set into auto-commit mode.
2024-11-12 14:13:33 [main] INFO  o.s.o.j.LocalContainerEntityManagerFactoryBean - Initialized JPA EntityManagerFactory for persistence unit 'default'
2024-11-12 14:13:33 [main] INFO  o.s.d.j.r.query.QueryEnhancerFactory - Hibernate is in classpath; If applicable, HQL parser will be used.
2024-11-12 14:13:34 [main] WARN  o.s.b.a.o.j.JpaBaseConfiguration$JpaWebConfiguration - spring.jpa.open-in-view is enabled by default. Therefore, database queries may be performed during view rendering. Explicitly configure spring.jpa.open-in-view to disable this warning
2024-11-12 14:13:35 [main] INFO  o.s.b.a.e.web.EndpointLinksResolver - Exposing 1 endpoint(s) beneath base path '/actuator'
2024-11-12 14:13:35 [main] INFO  o.s.s.web.DefaultSecurityFilterChain - Will secure any request with [org.springframework.security.web.session.DisableEncodeUrlFilter@af23f5, org.springframework.security.web.context.request.async.WebAsyncManagerIntegrationFilter@378ec278, org.springframework.security.web.context.SecurityContextHolderFilter@537b71e6, org.springframework.security.web.header.HeaderWriterFilter@2c7490b1, org.springframework.web.filter.CorsFilter@2cd28c84, org.springframework.security.web.authentication.logout.LogoutFilter@528b1176, com.noc.employee_cv.security.JwtFilter@60a73b68, org.springframework.security.web.savedrequest.RequestCacheAwareFilter@391cd9a9, org.springframework.security.web.servletapi.SecurityContextHolderAwareRequestFilter@26a1abb8, org.springframework.security.web.authentication.AnonymousAuthenticationFilter@53c4b0a9, org.springframework.security.web.session.SessionManagementFilter@164c7fed, org.springframework.security.web.access.ExceptionTranslationFilter@65ff5c15, org.springframework.security.web.access.intercept.AuthorizationFilter@1e805941]
2024-11-12 14:13:35 [main] INFO  o.a.coyote.http11.Http11NioProtocol - Starting ProtocolHandler ["http-nio-8080"]
2024-11-12 14:13:35 [main] WARN  o.s.b.w.s.c.AnnotationConfigServletWebServerApplicationContext - Exception encountered during context initialization - cancelling refresh attempt: org.springframework.context.ApplicationContextException: Failed to start bean 'webServerStartStop'
2024-11-12 14:13:35 [main] INFO  o.s.o.j.LocalContainerEntityManagerFactoryBean - Closing JPA EntityManagerFactory for persistence unit 'default'
2024-11-12 14:13:35 [main] INFO  com.zaxxer.hikari.HikariDataSource - HikariPool-1 - Shutdown initiated...
2024-11-12 14:13:35 [main] INFO  com.zaxxer.hikari.HikariDataSource - HikariPool-1 - Shutdown completed.
2024-11-12 14:13:35 [main] INFO  o.s.b.a.l.ConditionEvaluationReportLogger - 

Error starting ApplicationContext. To display the condition evaluation report re-run your application with 'debug' enabled.
2024-11-12 14:13:35 [main] ERROR o.s.b.d.LoggingFailureAnalysisReporter - 

***************************
APPLICATION FAILED TO START
***************************

Description:

Web server failed to start. Port 8080 was already in use.

Action:

Identify and stop the process that's listening on port 8080 or configure this application to listen on another port.

2024-11-12 14:14:02 [main] INFO  c.n.e.EmployeeCvApplication - Starting EmployeeCvApplication using Java 22.0.1 with PID 22896 (C:\Users\MOI\SOPEHAK\web\employee_cv\target\classes started by MOI in C:\Users\MOI\SOPEHAK\web\employee_cv)
2024-11-12 14:14:02 [main] INFO  c.n.e.EmployeeCvApplication - No active profile set, falling back to 1 default profile: "default"
2024-11-12 14:14:03 [main] INFO  o.s.d.r.c.RepositoryConfigurationDelegate - Bootstrapping Spring Data JPA repositories in DEFAULT mode.
2024-11-12 14:14:03 [main] INFO  o.s.d.r.c.RepositoryConfigurationDelegate - Finished Spring Data repository scanning in 58 ms. Found 31 JPA repository interfaces.
2024-11-12 14:14:03 [main] INFO  o.s.b.w.e.tomcat.TomcatWebServer - Tomcat initialized with port 8080 (http)
2024-11-12 14:14:03 [main] INFO  o.a.coyote.http11.Http11NioProtocol - Initializing ProtocolHandler ["http-nio-8080"]
2024-11-12 14:14:03 [main] INFO  o.a.catalina.core.StandardService - Starting service [Tomcat]
2024-11-12 14:14:03 [main] INFO  o.a.catalina.core.StandardEngine - Starting Servlet engine: [Apache Tomcat/10.1.19]
2024-11-12 14:14:03 [main] INFO  o.a.c.c.C.[Tomcat].[localhost].[/] - Initializing Spring embedded WebApplicationContext
2024-11-12 14:14:03 [main] INFO  o.s.b.w.s.c.ServletWebServerApplicationContext - Root WebApplicationContext: initialization completed in 1010 ms
2024-11-12 14:14:03 [main] INFO  o.h.jpa.internal.util.LogHelper - HHH000204: Processing PersistenceUnitInfo [name: default]
2024-11-12 14:14:03 [main] INFO  org.hibernate.Version - HHH000412: Hibernate ORM core version 6.4.4.Final
2024-11-12 14:14:03 [main] INFO  o.h.c.i.RegionFactoryInitiator - HHH000026: Second-level cache disabled
2024-11-12 14:14:04 [main] INFO  o.s.o.j.p.SpringPersistenceUnitInfo - No LoadTimeWeaver setup: ignoring JPA class transformer
2024-11-12 14:14:04 [main] INFO  com.zaxxer.hikari.HikariDataSource - HikariPool-1 - Starting...
2024-11-12 14:14:04 [main] INFO  com.zaxxer.hikari.pool.HikariPool - HikariPool-1 - Added connection org.postgresql.jdbc.PgConnection@41ddec69
2024-11-12 14:14:04 [main] INFO  com.zaxxer.hikari.HikariDataSource - HikariPool-1 - Start completed.
2024-11-12 14:14:04 [main] INFO  o.h.e.t.j.p.i.JtaPlatformInitiator - HHH000489: No JTA platform available (set 'hibernate.transaction.jta.platform' to enable JTA platform integration)
2024-11-12 14:14:04 [main] INFO  o.hibernate.orm.connections.access - HHH10001501: Connection obtained from JdbcConnectionAccess [org.hibernate.engine.jdbc.env.internal.JdbcEnvironmentInitiator$ConnectionProviderJdbcConnectionAccess@3c84c32f] for (non-JTA) DDL execution was not in auto-commit mode; the Connection 'local transaction' will be committed and the Connection will be set into auto-commit mode.
2024-11-12 14:14:05 [main] INFO  o.s.o.j.LocalContainerEntityManagerFactoryBean - Initialized JPA EntityManagerFactory for persistence unit 'default'
2024-11-12 14:14:05 [main] INFO  o.s.d.j.r.query.QueryEnhancerFactory - Hibernate is in classpath; If applicable, HQL parser will be used.
2024-11-12 14:14:06 [main] WARN  o.s.b.a.o.j.JpaBaseConfiguration$JpaWebConfiguration - spring.jpa.open-in-view is enabled by default. Therefore, database queries may be performed during view rendering. Explicitly configure spring.jpa.open-in-view to disable this warning
2024-11-12 14:14:06 [main] INFO  o.s.b.a.e.web.EndpointLinksResolver - Exposing 1 endpoint(s) beneath base path '/actuator'
2024-11-12 14:14:06 [main] INFO  o.s.s.web.DefaultSecurityFilterChain - Will secure any request with [org.springframework.security.web.session.DisableEncodeUrlFilter@367baf67, org.springframework.security.web.context.request.async.WebAsyncManagerIntegrationFilter@7b8b7337, org.springframework.security.web.context.SecurityContextHolderFilter@2b64a74c, org.springframework.security.web.header.HeaderWriterFilter@245b37f2, org.springframework.web.filter.CorsFilter@222c7639, org.springframework.security.web.authentication.logout.LogoutFilter@46c09081, com.noc.employee_cv.security.JwtFilter@51f81027, org.springframework.security.web.savedrequest.RequestCacheAwareFilter@1c9b99a7, org.springframework.security.web.servletapi.SecurityContextHolderAwareRequestFilter@1e805941, org.springframework.security.web.authentication.AnonymousAuthenticationFilter@25c6d489, org.springframework.security.web.session.SessionManagementFilter@278e9ffa, org.springframework.security.web.access.ExceptionTranslationFilter@4d2a2d2c, org.springframework.security.web.access.intercept.AuthorizationFilter@1b81fb54]
2024-11-12 14:14:07 [main] INFO  o.a.coyote.http11.Http11NioProtocol - Starting ProtocolHandler ["http-nio-8080"]
2024-11-12 14:14:07 [main] INFO  o.s.b.w.e.tomcat.TomcatWebServer - Tomcat started on port 8080 (http) with context path ''
2024-11-12 14:14:07 [main] INFO  c.n.e.EmployeeCvApplication - Started EmployeeCvApplication in 4.583 seconds (process running for 4.876)
2024-11-12 14:14:07 [RMI TCP Connection(2)-172.18.70.200] INFO  o.a.c.c.C.[Tomcat].[localhost].[/] - Initializing Spring DispatcherServlet 'dispatcherServlet'
2024-11-12 14:14:07 [RMI TCP Connection(2)-172.18.70.200] INFO  o.s.web.servlet.DispatcherServlet - Initializing Servlet 'dispatcherServlet'
2024-11-12 14:14:07 [RMI TCP Connection(2)-172.18.70.200] INFO  o.s.web.servlet.DispatcherServlet - Completed initialization in 0 ms
2024-11-12 14:30:32 [SpringApplicationShutdownHook] INFO  o.s.o.j.LocalContainerEntityManagerFactoryBean - Closing JPA EntityManagerFactory for persistence unit 'default'
2024-11-12 14:30:32 [SpringApplicationShutdownHook] INFO  com.zaxxer.hikari.HikariDataSource - HikariPool-1 - Shutdown initiated...
2024-11-12 14:30:32 [SpringApplicationShutdownHook] INFO  com.zaxxer.hikari.HikariDataSource - HikariPool-1 - Shutdown completed.
