2024-11-19 08:10:44 [main] INFO  c.n.e.EmployeeCvApplication - Starting EmployeeCvApplication using Java 22.0.1 with PID 24384 (C:\Users\MOI\SOPEHAK\web\employee_cv\target\classes started by MOI in C:\Users\MOI\SOPEHAK\web\employee_cv)
2024-11-19 08:10:44 [main] INFO  c.n.e.EmployeeCvApplication - No active profile set, falling back to 1 default profile: "default"
2024-11-19 08:10:46 [main] INFO  o.s.d.r.c.RepositoryConfigurationDelegate - Bootstrapping Spring Data JPA repositories in DEFAULT mode.
2024-11-19 08:10:46 [main] INFO  o.s.d.r.c.RepositoryConfigurationDelegate - Finished Spring Data repository scanning in 62 ms. Found 31 JPA repository interfaces.
2024-11-19 08:10:46 [main] INFO  o.s.b.w.e.tomcat.TomcatWebServer - Tomcat initialized with port 8080 (http)
2024-11-19 08:10:46 [main] INFO  o.a.coyote.http11.Http11NioProtocol - Initializing ProtocolHandler ["http-nio-8080"]
2024-11-19 08:10:46 [main] INFO  o.a.catalina.core.StandardService - Starting service [Tomcat]
2024-11-19 08:10:46 [main] INFO  o.a.catalina.core.StandardEngine - Starting Servlet engine: [Apache Tomcat/10.1.19]
2024-11-19 08:10:46 [main] INFO  o.a.c.c.C.[Tomcat].[localhost].[/] - Initializing Spring embedded WebApplicationContext
2024-11-19 08:10:46 [main] INFO  o.s.b.w.s.c.ServletWebServerApplicationContext - Root WebApplicationContext: initialization completed in 2063 ms
2024-11-19 08:10:46 [main] INFO  o.h.jpa.internal.util.LogHelper - HHH000204: Processing PersistenceUnitInfo [name: default]
2024-11-19 08:10:46 [main] INFO  org.hibernate.Version - HHH000412: Hibernate ORM core version 6.4.4.Final
2024-11-19 08:10:46 [main] INFO  o.h.c.i.RegionFactoryInitiator - HHH000026: Second-level cache disabled
2024-11-19 08:10:46 [main] INFO  o.s.o.j.p.SpringPersistenceUnitInfo - No LoadTimeWeaver setup: ignoring JPA class transformer
2024-11-19 08:10:47 [main] INFO  com.zaxxer.hikari.HikariDataSource - HikariPool-1 - Starting...
2024-11-19 08:10:47 [main] INFO  com.zaxxer.hikari.pool.HikariPool - HikariPool-1 - Added connection org.postgresql.jdbc.PgConnection@41ddec69
2024-11-19 08:10:47 [main] INFO  com.zaxxer.hikari.HikariDataSource - HikariPool-1 - Start completed.
2024-11-19 08:10:47 [main] INFO  o.h.e.t.j.p.i.JtaPlatformInitiator - HHH000489: No JTA platform available (set 'hibernate.transaction.jta.platform' to enable JTA platform integration)
2024-11-19 08:10:47 [main] INFO  o.hibernate.orm.connections.access - HHH10001501: Connection obtained from JdbcConnectionAccess [org.hibernate.engine.jdbc.env.internal.JdbcEnvironmentInitiator$ConnectionProviderJdbcConnectionAccess@4a2c69a6] for (non-JTA) DDL execution was not in auto-commit mode; the Connection 'local transaction' will be committed and the Connection will be set into auto-commit mode.
2024-11-19 08:10:48 [main] INFO  o.s.o.j.LocalContainerEntityManagerFactoryBean - Initialized JPA EntityManagerFactory for persistence unit 'default'
2024-11-19 08:10:48 [main] INFO  o.s.d.j.r.query.QueryEnhancerFactory - Hibernate is in classpath; If applicable, HQL parser will be used.
2024-11-19 08:10:49 [main] WARN  o.s.b.a.o.j.JpaBaseConfiguration$JpaWebConfiguration - spring.jpa.open-in-view is enabled by default. Therefore, database queries may be performed during view rendering. Explicitly configure spring.jpa.open-in-view to disable this warning
2024-11-19 08:10:50 [main] INFO  o.s.b.a.e.web.EndpointLinksResolver - Exposing 1 endpoint(s) beneath base path '/actuator'
2024-11-19 08:10:50 [main] INFO  o.s.s.web.DefaultSecurityFilterChain - Will secure any request with [org.springframework.security.web.session.DisableEncodeUrlFilter@756705ed, org.springframework.security.web.context.request.async.WebAsyncManagerIntegrationFilter@17ee5c77, org.springframework.security.web.context.SecurityContextHolderFilter@2377e83d, org.springframework.security.web.header.HeaderWriterFilter@658a2b99, org.springframework.web.filter.CorsFilter@e0dbde5, org.springframework.security.web.authentication.logout.LogoutFilter@22f302ff, com.noc.employee_cv.security.JwtFilter@270cddd2, org.springframework.security.web.savedrequest.RequestCacheAwareFilter@1bcf0, org.springframework.security.web.servletapi.SecurityContextHolderAwareRequestFilter@208d1388, org.springframework.security.web.authentication.AnonymousAuthenticationFilter@7cc0c15b, org.springframework.security.web.session.SessionManagementFilter@1778ab89, org.springframework.security.web.access.ExceptionTranslationFilter@6f8d320c, org.springframework.security.web.access.intercept.AuthorizationFilter@3f3dac49]
2024-11-19 08:10:50 [main] INFO  o.a.coyote.http11.Http11NioProtocol - Starting ProtocolHandler ["http-nio-8080"]
2024-11-19 08:10:50 [main] INFO  o.s.b.w.e.tomcat.TomcatWebServer - Tomcat started on port 8080 (http) with context path ''
2024-11-19 08:10:50 [main] INFO  c.n.e.EmployeeCvApplication - Started EmployeeCvApplication in 6.123 seconds (process running for 6.528)
2024-11-19 08:10:50 [RMI TCP Connection(3)-172.18.70.200] INFO  o.a.c.c.C.[Tomcat].[localhost].[/] - Initializing Spring DispatcherServlet 'dispatcherServlet'
2024-11-19 08:10:50 [RMI TCP Connection(3)-172.18.70.200] INFO  o.s.web.servlet.DispatcherServlet - Initializing Servlet 'dispatcherServlet'
2024-11-19 08:10:50 [RMI TCP Connection(3)-172.18.70.200] INFO  o.s.web.servlet.DispatcherServlet - Completed initialization in 2 ms
2024-11-19 08:50:37 [http-nio-8080-exec-8] WARN  org.hibernate.orm.query - HHH90003004: firstResult/maxResults specified with collection fetch; applying in memory
2024-11-19 08:50:40 [http-nio-8080-exec-4] WARN  org.hibernate.orm.query - HHH90003004: firstResult/maxResults specified with collection fetch; applying in memory
2024-11-19 08:52:14 [http-nio-8080-exec-5] WARN  org.hibernate.orm.query - HHH90003004: firstResult/maxResults specified with collection fetch; applying in memory
2024-11-19 08:52:21 [http-nio-8080-exec-1] WARN  org.hibernate.orm.query - HHH90003004: firstResult/maxResults specified with collection fetch; applying in memory
2024-11-19 08:53:57 [http-nio-8080-exec-11] WARN  org.hibernate.orm.query - HHH90003004: firstResult/maxResults specified with collection fetch; applying in memory
2024-11-19 08:54:39 [http-nio-8080-exec-3] WARN  org.hibernate.orm.query - HHH90003004: firstResult/maxResults specified with collection fetch; applying in memory
2024-11-19 08:55:37 [http-nio-8080-exec-4] WARN  org.hibernate.orm.query - HHH90003004: firstResult/maxResults specified with collection fetch; applying in memory
2024-11-19 08:56:22 [http-nio-8080-exec-8] WARN  org.hibernate.orm.query - HHH90003004: firstResult/maxResults specified with collection fetch; applying in memory
2024-11-19 08:56:33 [http-nio-8080-exec-3] WARN  org.hibernate.orm.query - HHH90003004: firstResult/maxResults specified with collection fetch; applying in memory
2024-11-19 08:57:19 [http-nio-8080-exec-1] WARN  org.hibernate.orm.query - HHH90003004: firstResult/maxResults specified with collection fetch; applying in memory
2024-11-19 09:04:30 [http-nio-8080-exec-11] WARN  org.hibernate.orm.query - HHH90003004: firstResult/maxResults specified with collection fetch; applying in memory
2024-11-19 09:05:22 [http-nio-8080-exec-5] WARN  org.hibernate.orm.query - HHH90003004: firstResult/maxResults specified with collection fetch; applying in memory
2024-11-19 09:06:28 [http-nio-8080-exec-8] WARN  org.hibernate.orm.query - HHH90003004: firstResult/maxResults specified with collection fetch; applying in memory
2024-11-19 09:08:01 [http-nio-8080-exec-10] WARN  org.hibernate.orm.query - HHH90003004: firstResult/maxResults specified with collection fetch; applying in memory
2024-11-19 09:08:48 [http-nio-8080-exec-4] WARN  org.hibernate.orm.query - HHH90003004: firstResult/maxResults specified with collection fetch; applying in memory
2024-11-19 13:24:31 [HikariPool-1 housekeeper] WARN  com.zaxxer.hikari.pool.HikariPool - HikariPool-1 - Thread starvation or clock leap detected (housekeeper delta=2h4m11s26ms737µs500ns).
2024-11-19 16:33:53 [SpringApplicationShutdownHook] INFO  o.s.o.j.LocalContainerEntityManagerFactoryBean - Closing JPA EntityManagerFactory for persistence unit 'default'
2024-11-19 16:33:53 [SpringApplicationShutdownHook] INFO  com.zaxxer.hikari.HikariDataSource - HikariPool-1 - Shutdown initiated...
2024-11-19 16:33:53 [SpringApplicationShutdownHook] INFO  com.zaxxer.hikari.HikariDataSource - HikariPool-1 - Shutdown completed.
