2024-11-05 09:22:04 [main] INFO  c.n.e.EmployeeCvApplication - Starting EmployeeCvApplication using Java 22.0.1 with PID 5284 (C:\Users\MOI\SOPEHAK\web\employee_cv\target\classes started by MOI in C:\Users\MOI\SOPEHAK\web\employee_cv)
2024-11-05 09:22:04 [main] INFO  c.n.e.EmployeeCvApplication - No active profile set, falling back to 1 default profile: "default"
2024-11-05 09:22:04 [main] INFO  o.s.d.r.c.RepositoryConfigurationDelegate - Bootstrapping Spring Data JPA repositories in DEFAULT mode.
2024-11-05 09:22:04 [main] INFO  o.s.d.r.c.RepositoryConfigurationDelegate - Finished Spring Data repository scanning in 59 ms. Found 31 JPA repository interfaces.
2024-11-05 09:22:05 [main] INFO  o.s.b.w.e.tomcat.TomcatWebServer - Tomcat initialized with port 8080 (http)
2024-11-05 09:22:05 [main] INFO  o.a.coyote.http11.Http11NioProtocol - Initializing ProtocolHandler ["http-nio-8080"]
2024-11-05 09:22:05 [main] INFO  o.a.catalina.core.StandardService - Starting service [Tomcat]
2024-11-05 09:22:05 [main] INFO  o.a.catalina.core.StandardEngine - Starting Servlet engine: [Apache Tomcat/10.1.19]
2024-11-05 09:22:05 [main] INFO  o.a.c.c.C.[Tomcat].[localhost].[/] - Initializing Spring embedded WebApplicationContext
2024-11-05 09:22:05 [main] INFO  o.s.b.w.s.c.ServletWebServerApplicationContext - Root WebApplicationContext: initialization completed in 968 ms
2024-11-05 09:22:05 [main] INFO  o.h.jpa.internal.util.LogHelper - HHH000204: Processing PersistenceUnitInfo [name: default]
2024-11-05 09:22:05 [main] INFO  org.hibernate.Version - HHH000412: Hibernate ORM core version 6.4.4.Final
2024-11-05 09:22:05 [main] INFO  o.h.c.i.RegionFactoryInitiator - HHH000026: Second-level cache disabled
2024-11-05 09:22:05 [main] INFO  o.s.o.j.p.SpringPersistenceUnitInfo - No LoadTimeWeaver setup: ignoring JPA class transformer
2024-11-05 09:22:05 [main] INFO  com.zaxxer.hikari.HikariDataSource - HikariPool-1 - Starting...
2024-11-05 09:22:05 [main] INFO  com.zaxxer.hikari.pool.HikariPool - HikariPool-1 - Added connection org.postgresql.jdbc.PgConnection@4db16677
2024-11-05 09:22:05 [main] INFO  com.zaxxer.hikari.HikariDataSource - HikariPool-1 - Start completed.
2024-11-05 09:22:06 [main] INFO  o.h.e.t.j.p.i.JtaPlatformInitiator - HHH000489: No JTA platform available (set 'hibernate.transaction.jta.platform' to enable JTA platform integration)
2024-11-05 09:22:06 [main] INFO  o.hibernate.orm.connections.access - HHH10001501: Connection obtained from JdbcConnectionAccess [org.hibernate.engine.jdbc.env.internal.JdbcEnvironmentInitiator$ConnectionProviderJdbcConnectionAccess@12581426] for (non-JTA) DDL execution was not in auto-commit mode; the Connection 'local transaction' will be committed and the Connection will be set into auto-commit mode.
2024-11-05 09:22:06 [main] INFO  o.s.o.j.LocalContainerEntityManagerFactoryBean - Initialized JPA EntityManagerFactory for persistence unit 'default'
2024-11-05 09:22:06 [main] INFO  o.s.d.j.r.query.QueryEnhancerFactory - Hibernate is in classpath; If applicable, HQL parser will be used.
2024-11-05 09:22:07 [main] WARN  o.s.b.a.o.j.JpaBaseConfiguration$JpaWebConfiguration - spring.jpa.open-in-view is enabled by default. Therefore, database queries may be performed during view rendering. Explicitly configure spring.jpa.open-in-view to disable this warning
2024-11-05 09:22:08 [main] INFO  o.s.b.a.e.web.EndpointLinksResolver - Exposing 1 endpoint(s) beneath base path '/actuator'
2024-11-05 09:22:08 [main] INFO  o.s.s.web.DefaultSecurityFilterChain - Will secure any request with [org.springframework.security.web.session.DisableEncodeUrlFilter@3cb24241, org.springframework.security.web.context.request.async.WebAsyncManagerIntegrationFilter@18050959, org.springframework.security.web.context.SecurityContextHolderFilter@1e805941, org.springframework.security.web.header.HeaderWriterFilter@528b1176, org.springframework.web.filter.CorsFilter@a37ede6, org.springframework.security.web.authentication.logout.LogoutFilter@6d2142d3, com.noc.employee_cv.security.JwtFilter@16c689c3, org.springframework.security.web.savedrequest.RequestCacheAwareFilter@43bb0f92, org.springframework.security.web.servletapi.SecurityContextHolderAwareRequestFilter@378ec278, org.springframework.security.web.authentication.AnonymousAuthenticationFilter@380bbbc5, org.springframework.security.web.session.SessionManagementFilter@45d7ba13, org.springframework.security.web.access.ExceptionTranslationFilter@245b37f2, org.springframework.security.web.access.intercept.AuthorizationFilter@25c6d489]
2024-11-05 09:22:08 [main] INFO  o.a.coyote.http11.Http11NioProtocol - Starting ProtocolHandler ["http-nio-8080"]
2024-11-05 09:22:08 [main] INFO  o.s.b.w.e.tomcat.TomcatWebServer - Tomcat started on port 8080 (http) with context path ''
2024-11-05 09:22:08 [main] INFO  c.n.e.EmployeeCvApplication - Started EmployeeCvApplication in 4.564 seconds (process running for 4.843)
2024-11-05 09:22:08 [RMI TCP Connection(2)-172.18.70.200] INFO  o.a.c.c.C.[Tomcat].[localhost].[/] - Initializing Spring DispatcherServlet 'dispatcherServlet'
2024-11-05 09:22:08 [RMI TCP Connection(2)-172.18.70.200] INFO  o.s.web.servlet.DispatcherServlet - Initializing Servlet 'dispatcherServlet'
2024-11-05 09:22:08 [RMI TCP Connection(2)-172.18.70.200] INFO  o.s.web.servlet.DispatcherServlet - Completed initialization in 1 ms
